[2020-01-14 15:54:48Z] - INFO - Начало работы ComitaOut
[2020-01-14 15:54:48Z] - INFO - Performing the operation "Copy File" on target "Item: D:\SKAD\comitaOut\temp\comitaOut\AFN_7102803_MIFNS00_20200114_00003.arj Destination: D:\SKAD\comitaOut\temp\440p\Arhive\1401202
0\AFN_7102803_MIFNS00_20200114_00003.arj".

[2020-01-14 15:54:48Z] - INFO - Performing the operation "Move File" on target "Item: D:\SKAD\comitaOut\temp\comitaOut\AFN_7102803_MIFNS00_20200114_00003.arj Destination: D:\SKAD\comitaOut\temp\Post\AFN_7102803_MI
FNS00_20200114_00003.arj".

[2020-01-14 15:54:50Z] - INFO - Файлы успешно отправлены!
AFN_7102803_MIFNS00_20191226_00001.arj
AFN_7102803_MIFNS00_20200114_00003.arj
Файлов было отправлено 11 шт.

[2020-01-14 15:54:50Z] - INFO - Конец работы скрипта!
[2020-01-14 15:55:23Z] - INFO - Начало работы ComitaOut
[2020-01-14 15:55:23Z] - INFO - Performing the operation "Copy File" on target "Item: D:\SKAD\comitaOut\temp\comitaOut\AFN_7102803_MIFNS00_20200114_00003.arj Destination: D:\SKAD\comitaOut\temp\440p\Arhive\1401202
0\AFN_7102803_MIFNS00_20200114_00003.arj".

[2020-01-14 15:55:23Z] - INFO - Performing the operation "Move File" on target "Item: D:\SKAD\comitaOut\temp\comitaOut\AFN_7102803_MIFNS00_20200114_00003.arj Destination: D:\SKAD\comitaOut\temp\Post\AFN_7102803_MI
FNS00_20200114_00003.arj".

[2020-01-14 15:55:25Z] - INFO - Файлы успешно отправлены!
AFN_7102803_MIFNS00_20200114_00003.arj
Файлов было отправлено 9 шт.

[2020-01-14 15:55:25Z] - INFO - Конец работы скрипта!
[2020-01-14 15:56:31Z] - INFO - Начало работы ComitaOut
[2020-01-14 15:56:31Z] - INFO - Performing the operation "Copy File" on target "Item: D:\SKAD\comitaOut\temp\comitaOut\AFN_7102803_MIFNS00_20200114_00003.arj Destination: D:\SKAD\comitaOut\temp\440p\Arhive\1401202
0\AFN_7102803_MIFNS00_20200114_00003.arj".

[2020-01-14 15:56:31Z] - INFO - Performing the operation "Move File" on target "Item: D:\SKAD\comitaOut\temp\comitaOut\AFN_7102803_MIFNS00_20200114_00003.arj Destination: D:\SKAD\comitaOut\temp\Post\AFN_7102803_MI
FNS00_20200114_00003.arj".

[2020-01-14 15:56:33Z] - INFO - Файлы успешно отправлены!
AFN_7102803_MIFNS00_20200114_00003.arj
Файлов было отправлено 9 шт.
Файлы в составе архива AFN_7102803_MIFNS00_20200114_00003.arj
 успешно отправлены!
Файлов было отправлено 9 шт.

[2020-01-14 15:56:33Z] - INFO - Конец работы скрипта!
[2020-01-14 15:58:07Z] - INFO - Начало работы ComitaOut
[2020-01-14 15:58:07Z] - INFO - Performing the operation "Copy File" on target "Item: D:\SKAD\comitaOut\temp\comitaOut\AFN_7102803_MIFNS00_20200114_00003.arj Destination: D:\SKAD\comitaOut\temp\440p\Arhive\1401202
0\AFN_7102803_MIFNS00_20200114_00003.arj".

[2020-01-14 15:58:07Z] - INFO - Performing the operation "Move File" on target "Item: D:\SKAD\comitaOut\temp\comitaOut\AFN_7102803_MIFNS00_20200114_00003.arj Destination: D:\SKAD\comitaOut\temp\Post\AFN_7102803_MI
FNS00_20200114_00003.arj".

[2020-01-14 15:58:09Z] - INFO - Файлы успешно отправлены!
AFN_7102803_MIFNS00_20200114_00003.arj
Файлов было отправлено 9 шт.
Файлы в составе архива AFN_7102803_MIFNS00_20200114_00003.arj
 успешно отправлены!
Файлов было отправлено 9 шт.
Файлы в составе архива AFN_7102803_MIFNS00_20200114_00003.arj
 успешно отправлены!
Файлов было отправлено 9 шт.

[2020-01-14 15:58:09Z] - INFO - Конец работы скрипта!
[2020-01-14 15:58:53Z] - INFO - Начало работы ComitaOut
[2020-01-14 15:58:53Z] - INFO - Performing the operation "Copy File" on target "Item: D:\SKAD\comitaOut\temp\comitaOut\AFN_7102803_MIFNS00_20200114_00003.arj Destination: D:\SKAD\comitaOut\temp\440p\Arhive\1401202
0\AFN_7102803_MIFNS00_20200114_00003.arj".

[2020-01-14 15:58:53Z] - INFO - Performing the operation "Move File" on target "Item: D:\SKAD\comitaOut\temp\comitaOut\AFN_7102803_MIFNS00_20200114_00003.arj Destination: D:\SKAD\comitaOut\temp\Post\AFN_7102803_MI
FNS00_20200114_00003.arj".

[2020-01-14 15:58:55Z] - INFO - Файлы в составе архива AFN_7102803_MIFNS00_20200114_00003.arj
 успешно отправлены!
Файлов было отправлено 9 шт.

[2020-01-14 15:58:55Z] - INFO - Конец работы скрипта!
[2020-01-14 16:05:24Z] - INFO - Начало работы ComitaOut
[2020-01-14 16:05:24Z] - INFO - Performing the operation "Copy File" on target "Item: D:\SKAD\comitaOut\temp\comitaOut\AFN_7102803_MIFNS00_20200114_00003.arj Destination: D:\SKAD\comitaOut\temp\440p\Arhive\1401202
0\AFN_7102803_MIFNS00_20200114_00003.arj".

[2020-01-14 16:05:24Z] - INFO - Performing the operation "Move File" on target "Item: D:\SKAD\comitaOut\temp\comitaOut\AFN_7102803_MIFNS00_20200114_00003.arj Destination: D:\SKAD\comitaOut\temp\Post\AFN_7102803_MI
FNS00_20200114_00003.arj".

[2020-01-14 16:05:26Z] - INFO - Файлы в составе архива AFN_7102803_MIFNS00_20200114_00003arj успешно отправлены!
Файлов было отправлено 9 шт.

[2020-01-14 16:05:26Z] - INFO - Конец работы скрипта!
[2020-01-14 16:07:21Z] - INFO - Начало работы ComitaOut
[2020-01-14 16:07:21Z] - INFO - Performing the operation "Copy File" on target "Item: D:\SKAD\comitaOut\temp\comitaOut\AFN_7102803_MIFNS00_20200114_00003.arj Destination: D:\SKAD\comitaOut\temp\440p\Arhive\1401202
0\AFN_7102803_MIFNS00_20200114_00003.arj".

[2020-01-14 16:07:21Z] - INFO - Performing the operation "Move File" on target "Item: D:\SKAD\comitaOut\temp\comitaOut\AFN_7102803_MIFNS00_20200114_00003.arj Destination: D:\SKAD\comitaOut\temp\Post\AFN_7102803_MI
FNS00_20200114_00003.arj".

[2020-01-14 16:07:23Z] - INFO - Файлы в составе архива AFN7102803MIFNS002020011400003.arj успешно отправлены!
Файлов было отправлено 9 шт.

[2020-01-14 16:07:23Z] - INFO - Конец работы скрипта!
[2020-01-14 16:07:36Z] - INFO - Начало работы ComitaOut
[2020-01-14 16:07:36Z] - INFO - Performing the operation "Copy File" on target "Item: D:\SKAD\comitaOut\temp\comitaOut\AFN_7102803_MIFNS00_20200114_00003.arj Destination: D:\SKAD\comitaOut\temp\440p\Arhive\1401202
0\AFN_7102803_MIFNS00_20200114_00003.arj".

[2020-01-14 16:07:36Z] - INFO - Performing the operation "Move File" on target "Item: D:\SKAD\comitaOut\temp\comitaOut\AFN_7102803_MIFNS00_20200114_00003.arj Destination: D:\SKAD\comitaOut\temp\Post\AFN_7102803_MI
FNS00_20200114_00003.arj".

[2020-01-14 16:07:37Z] - INFO - Файлы в составе архива AFN_7102803_MIFNS00_20200114_00003.arj успешно отправлены!
Файлов было отправлено 9 шт.

[2020-01-14 16:07:37Z] - INFO - Конец работы скрипта!
