[2019-12-28 17:45:38Z] - INFO - Начало работы Transmiter SKAD Signature
[2019-12-28 17:45:38Z] - INFO - Конец работы скрипта!
[2019-12-28 18:13:21Z] - INFO - Начало работы ComitaOut
[2019-12-28 18:13:21Z] - ERRR - Файлы архивов в каталоге D:\SKAD\comitaOut\temp\comitaOut не найдены!
[2019-12-28 18:13:21Z] - INFO - Конец работы скрипта!
[2019-12-28 18:13:45Z] - INFO - Начало работы ComitaOut
[2019-12-28 18:14:35Z] - INFO - Начало работы ComitaOut
[2019-12-28 18:14:38Z] - ERRR - Файлы архивов в каталоге D:\SKAD\comitaOut\temp\comitaOut не найдены!
[2019-12-28 18:14:38Z] - INFO - Конец работы скрипта!
[2019-12-28 18:15:13Z] - INFO - Начало работы ComitaOut
[2019-12-28 18:23:58Z] - INFO - Начало работы ComitaOut
[2019-12-28 18:24:02Z] - ERRR - Файлы архивов в каталоге D:\SKAD\comitaOut\temp\comitaOut не найдены!
[2019-12-28 18:24:02Z] - INFO - Конец работы скрипта!
[2019-12-28 18:24:23Z] - INFO - Начало работы ComitaOut
[2019-12-28 18:24:28Z] - INFO - Выполнение операции "Копирование файла" над целевым объектом "Элемент: D:\SKAD\comitaOut\temp\comitaOut\AFN_7102803_MIFNS00_20191226_00001.arj Назначение: D:\SKAD\comitaOut\temp\4
40p\Arhive\28122019\AFN_7102803_MIFNS00_20191226_00001.arj".

[2019-12-28 18:24:28Z] - INFO - Выполнение операции "Копирование файла" над целевым объектом "Элемент: D:\SKAD\comitaOut\temp\comitaOut\AFN_7102803_MIFNS00_20191226_00001.arj Назначение: D:\SKAD\comitaOut\temp\P
ost\AFN_7102803_MIFNS00_20191226_00001.arj".

[2019-12-28 18:24:32Z] - INFO - Конец работы скрипта!
[2019-12-28 18:25:13Z] - INFO - Начало работы ComitaOut
[2019-12-28 18:25:17Z] - INFO - Выполнение операции "Копирование файла" над целевым объектом "Элемент: D:\SKAD\comitaOut\temp\comitaOut\AFN_7102803_MIFNS00_20191226_00001.arj Назначение: D:\SKAD\comitaOut\temp\4
40p\Arhive\28122019\AFN_7102803_MIFNS00_20191226_00001.arj".

[2019-12-28 18:25:17Z] - INFO - Выполнение операции "Копирование файла" над целевым объектом "Элемент: D:\SKAD\comitaOut\temp\comitaOut\AFN_7102803_MIFNS00_20191226_00001.arj Назначение: D:\SKAD\comitaOut\temp\P
ost\AFN_7102803_MIFNS00_20191226_00001.arj".

[2019-12-28 18:25:22Z] - INFO - Архивы с отчетностью успешно скопированы на отправку
AFN_7102803_MIFNS00_20191226_00001.arj

[2019-12-28 18:25:22Z] - INFO - Конец работы скрипта!
[2019-12-28 18:26:19Z] - INFO - Начало работы ComitaOut
[2019-12-28 18:26:19Z] - INFO - Выполнение операции "Копирование файла" над целевым объектом "Элемент: D:\SKAD\comitaOut\temp\comitaOut\AFN_7102803_MIFNS00_20191226_00001.arj Назначение: D:\SKAD\comitaOut\temp\4
40p\Arhive\28122019\AFN_7102803_MIFNS00_20191226_00001.arj".

[2019-12-28 18:26:19Z] - INFO - Выполнение операции "Копирование файла" над целевым объектом "Элемент: D:\SKAD\comitaOut\temp\comitaOut\AFN_7102803_MIFNS00_20191226_00001.arj Назначение: D:\SKAD\comitaOut\temp\P
ost\AFN_7102803_MIFNS00_20191226_00001.arj".

[2019-12-28 18:26:24Z] - INFO - Архив(ы) с отчетностью успешно скопирован(ы) на отправку
AFN_7102803_MIFNS00_20191226_00001.arj

[2019-12-28 18:26:24Z] - INFO - Конец работы скрипта!
[2019-12-28 18:26:57Z] - INFO - Начало работы ComitaOut
[2019-12-28 18:26:57Z] - INFO - Выполнение операции "Копирование файла" над целевым объектом "Элемент: D:\SKAD\comitaOut\temp\comitaOut\AFN_7102803_MIFNS00_20191226_00001.arj Назначение: D:\SKAD\comitaOut\temp\4
40p\Arhive\28122019\AFN_7102803_MIFNS00_20191226_00001.arj".

[2019-12-28 18:26:57Z] - INFO - Выполнение операции "Перемещение файла" над целевым объектом "Элемент: D:\SKAD\comitaOut\temp\comitaOut\AFN_7102803_MIFNS00_20191226_00001.arj Назначение: D:\SKAD\comitaOut\temp\P
ost\AFN_7102803_MIFNS00_20191226_00001.arj".

[2019-12-28 18:27:02Z] - INFO - Архив(ы) с отчетностью успешно скопирован(ы) на отправку
AFN_7102803_MIFNS00_20191226_00001.arj

[2019-12-28 18:27:02Z] - INFO - Конец работы скрипта!
[2019-12-28 18:27:18Z] - INFO - Начало работы ComitaOut
[2019-12-28 18:27:18Z] - INFO - Выполнение операции "Копирование файла" над целевым объектом "Элемент: D:\SKAD\comitaOut\temp\comitaOut\AFN_7102803_MIFNS00_20191226_00001.arj Назначение: D:\SKAD\comitaOut\temp\4
40p\Arhive\28122019\AFN_7102803_MIFNS00_20191226_00001.arj".

[2019-12-28 18:27:18Z] - INFO - Выполнение операции "Перемещение файла" над целевым объектом "Элемент: D:\SKAD\comitaOut\temp\comitaOut\AFN_7102803_MIFNS00_20191226_00001.arj Назначение: D:\SKAD\comitaOut\temp\P
ost\AFN_7102803_MIFNS00_20191226_00001.arj".

[2019-12-28 18:27:22Z] - INFO - Архив(ы) с отчетностью успешно скопирован(ы) на отправку
AFN_7102803_MIFNS00_20191226_00001.arj

[2019-12-28 18:27:22Z] - INFO - Конец работы скрипта!
